# JRE version: Java(TM) SE Runtime Environment (8.0_301-b09) (build 1.8.0_301-b09)
# Java VM: Java HotSpot(TM) 64-Bit Server VM (25.301-b09 mixed mode windows-amd64 compressed oops)
Heap:
 PSYoungGen      total 114176K, used 11967K [0x0000000741100000, 0x000000074f000000, 0x00000007c0000000)
  eden space 98304K, 0% used [0x0000000741100000,0x0000000741100000,0x0000000747100000)
  from space 15872K, 75% used [0x0000000748080000,0x0000000748c2fc10,0x0000000749000000)
  to   space 15872K, 0% used [0x0000000747100000,0x0000000747100000,0x0000000748080000)
 ParOldGen       total 261120K, used 24K [0x0000000643200000, 0x0000000653100000, 0x0000000741100000)
  object space 261120K, 0% used [0x0000000643200000,0x0000000643206000,0x0000000653100000)
 Metaspace       used 20283K, capacity 21152K, committed 21248K, reserved 1067008K
  class space    used 2562K, capacity 2773K, committed 2816K, reserved 1048576K
GC Heap History (5 events):
Event: 1.055 GC heap before
{Heap before GC invocations=1 (full 0):
 PSYoungGen      total 114176K, used 98304K [0x0000000741100000, 0x0000000749000000, 0x00000007c0000000)
  eden space 98304K, 100% used [0x0000000741100000,0x0000000747100000,0x0000000747100000)
  from space 15872K, 0% used [0x0000000748080000,0x0000000748080000,0x0000000749000000)
  to   space 15872K, 0% used [0x0000000747100000,0x0000000747100000,0x0000000748080000)
 ParOldGen       total 261120K, used 0K [0x0000000643200000, 0x0000000653100000, 0x0000000741100000)
  object space 261120K, 0% used [0x0000000643200000,0x0000000643200000,0x0000000653100000)
 Metaspace       used 11954K, capacity 12410K, committed 12672K, reserved 1060864K
  class space    used 1444K, capacity 1558K, committed 1664K, reserved 1048576K
Event: 1.065 GC heap after
Heap after GC invocations=1 (full 0):
 PSYoungGen      total 114176K, used 10983K [0x0000000741100000, 0x0000000749000000, 0x00000007c0000000)
  eden space 98304K, 0% used [0x0000000741100000,0x0000000741100000,0x0000000747100000)
  from space 15872K, 69% used [0x0000000747100000,0x0000000747bb9ca0,0x0000000748080000)
  to   space 15872K, 0% used [0x0000000748080000,0x0000000748080000,0x0000000749000000)
 ParOldGen       total 261120K, used 16K [0x0000000643200000, 0x0000000653100000, 0x0000000741100000)
  object space 261120K, 0% used [0x0000000643200000,0x0000000643204000,0x0000000653100000)
 Metaspace       used 11954K, capacity 12410K, committed 12672K, reserved 1060864K
  class space    used 1444K, capacity 1558K, committed 1664K, reserved 1048576K
}
Event: 1.487 GC heap before
{Heap before GC invocations=2 (full 0):
 PSYoungGen      total 114176K, used 95649K [0x0000000741100000, 0x0000000749000000, 0x00000007c0000000)
  eden space 98304K, 86% used [0x0000000741100000,0x00000007463ae898,0x0000000747100000)
  from space 15872K, 69% used [0x0000000747100000,0x0000000747bb9ca0,0x0000000748080000)
  to   space 15872K, 0% used [0x0000000748080000,0x0000000748080000,0x0000000749000000)
 ParOldGen       total 261120K, used 16K [0x0000000643200000, 0x0000000653100000, 0x0000000741100000)
  object space 261120K, 0% used [0x0000000643200000,0x0000000643204000,0x0000000653100000)
 Metaspace       used 20283K, capacity 21152K, committed 21248K, reserved 1067008K
  class space    used 2562K, capacity 2773K, committed 2816K, reserved 1048576K
Event: 1.494 GC heap after
Heap after GC invocations=2 (full 0):
 PSYoungGen      total 114176K, used 11967K [0x0000000741100000, 0x000000074f000000, 0x00000007c0000000)
  eden space 98304K, 0% used [0x0000000741100000,0x0000000741100000,0x0000000747100000)
  from space 15872K, 75% used [0x0000000748080000,0x0000000748c2fc10,0x0000000749000000)
  to   space 15872K, 0% used [0x0000000747100000,0x0000000747100000,0x0000000748080000)
 ParOldGen       total 261120K, used 24K [0x0000000643200000, 0x0000000653100000, 0x0000000741100000)
  object space 261120K, 0% used [0x0000000643200000,0x0000000643206000,0x0000000653100000)
 Metaspace       used 20283K, capacity 21152K, committed 21248K, reserved 1067008K
  class space    used 2562K, capacity 2773K, committed 2816K, reserved 1048576K
}
Event: 1.494 GC heap before
{Heap before GC invocations=3 (full 1):
 PSYoungGen      total 114176K, used 11967K [0x0000000741100000, 0x000000074f000000, 0x00000007c0000000)
  eden space 98304K, 0% used [0x0000000741100000,0x0000000741100000,0x0000000747100000)
  from space 15872K, 75% used [0x0000000748080000,0x0000000748c2fc10,0x0000000749000000)
  to   space 15872K, 0% used [0x0000000747100000,0x0000000747100000,0x0000000748080000)
 ParOldGen       total 261120K, used 24K [0x0000000643200000, 0x0000000653100000, 0x0000000741100000)
  object space 261120K, 0% used [0x0000000643200000,0x0000000643206000,0x0000000653100000)
 Metaspace       used 20283K, capacity 21152K, committed 21248K, reserved 1067008K
  class space    used 2562K, capacity 2773K, committed 2816K, reserved 1048576K

